
Xvnc TigerVNC 1.11.0 - built Nov 24 2020 19:41:47
Copyright (C) 1999-2020 TigerVNC Team and many others (see README.rst)
See https://www.tigervnc.org for information on TigerVNC.
Underlying X server release 12009000, The X.Org Foundation


Sat Jan 23 21:49:41 2021
 vncext:      VNC extension running!
 vncext:      Listening for VNC connections on localhost interface(s), port
              5901
 vncext:      created VNC server for screen 0

Sat Jan 23 22:13:55 2021
 Connections: accepted: [::1]::56384
 SConnection: Client needs protocol version 3.8
 SConnection: Client requests security type None(1)
 VNCSConnST:  Server default pixel format depth 16 (16bpp) little-endian rgb565
 VNCSConnST:  Client pixel format depth 24 (32bpp) little-endian rgb888

Sat Jan 23 22:13:56 2021
 ComparingUpdateTracker: 0 pixels in / 0 pixels out
 ComparingUpdateTracker: (1:-nan ratio)

Sat Jan 23 22:16:09 2021
 ComparingUpdateTracker: 27.3071 Mpixels in / 14.7555 Mpixels out
 ComparingUpdateTracker: (1:1.85063 ratio)

Sat Jan 23 22:16:11 2021
 ComparingUpdateTracker: 1.15847 Mpixels in / 667.407 kpixels out
 ComparingUpdateTracker: (1:1.73578 ratio)

Sat Jan 23 22:16:17 2021
 ComparingUpdateTracker: 876.025 kpixels in / 472.313 kpixels out
 ComparingUpdateTracker: (1:1.85476 ratio)

Sat Jan 23 22:16:20 2021
 ComparingUpdateTracker: 1.30428 Mpixels in / 658.348 kpixels out
 ComparingUpdateTracker: (1:1.98114 ratio)

Sat Jan 23 22:18:12 2021
 VNCSConnST:  closing [::1]::56384: Clean disconnection
 EncodeManager: Framebuffer updates: 1286
 EncodeManager:   CopyRect:
 EncodeManager:     Copies: 1 rects, 442.888 kpixels
 EncodeManager:             16 B (1:110723 ratio)
 EncodeManager:   Tight:
 EncodeManager:     Solid: 1.762 krects, 10.9222 Mpixels
 EncodeManager:            27.5312 KiB (1:1550.43 ratio)
 EncodeManager:     Bitmap RLE: 549 rects, 252.474 kpixels
 EncodeManager:                 16.8594 KiB (1:58.8788 ratio)
 EncodeManager:     Indexed RLE: 7.956 krects, 11.176 Mpixels
 EncodeManager:                  2.17955 MiB (1:19.6022 ratio)
 EncodeManager:   Tight (JPEG):
 EncodeManager:     Full Colour: 1.177 krects, 10.7035 Mpixels
 EncodeManager:                  6.36409 MiB (1:6.41792 ratio)
 EncodeManager:   Total: 11.445 krects, 33.497 Mpixels
 EncodeManager:          8.58701 MiB (1:14.896 ratio)
 TcpSocket:   unable to get peer name for socket
 Connections: closed: ::0
 ComparingUpdateTracker: 22.1177 Mpixels in / 9.45537 Mpixels out
 ComparingUpdateTracker: (1:2.33917 ratio)

Sat Jan 23 22:56:46 2021
 Connections: accepted: [::1]::56958
 SConnection: Client needs protocol version 3.8
 SConnection: Client requests security type None(1)
 VNCSConnST:  Server default pixel format depth 16 (16bpp) little-endian rgb565
 VNCSConnST:  Client pixel format depth 24 (32bpp) little-endian rgb888

Sat Jan 23 22:56:48 2021
 VNCSConnST:  closing [::1]::56958: Clean disconnection
 EncodeManager: Framebuffer updates: 16
 EncodeManager:   Tight:
 EncodeManager:     Solid: 25 rects, 166.204 kpixels
 EncodeManager:            400 B (1:1662.79 ratio)
 EncodeManager:     Bitmap RLE: 14 rects, 1.236 kpixels
 EncodeManager:                 419 B (1:12.2005 ratio)
 EncodeManager:     Indexed RLE: 42 rects, 162.281 kpixels
 EncodeManager:                  19.3184 KiB (1:32.8393 ratio)
 EncodeManager:   Tight (JPEG):
 EncodeManager:     Full Colour: 20 rects, 404.64 kpixels
 EncodeManager:                  245.156 KiB (1:6.44837 ratio)
 EncodeManager:   Total: 101 rects, 734.361 kpixels
 EncodeManager:          265.274 KiB (1:10.8182 ratio)
 TcpSocket:   unable to get peer name for socket
 Connections: closed: ::0
 ComparingUpdateTracker: 782.393 kpixels in / 373.216 kpixels out
 ComparingUpdateTracker: (1:2.09635 ratio)

Sat Jan 23 23:21:47 2021
 Connections: accepted: [::1]::57848
 SConnection: Client needs protocol version 3.8
 SConnection: Client requests security type None(1)
 VNCSConnST:  Server default pixel format depth 16 (16bpp) little-endian rgb565
 VNCSConnST:  Client pixel format depth 24 (32bpp) little-endian rgb888

Sat Jan 23 23:21:55 2021
 ComparingUpdateTracker: 1.31812 Mpixels in / 6.223 kpixels out
 ComparingUpdateTracker: (1:211.815 ratio)

Sat Jan 23 23:31:23 2021
 ComparingUpdateTracker: 334.321 Mpixels in / 34.6238 Mpixels out
 ComparingUpdateTracker: (1:9.65582 ratio)

Sat Jan 23 23:33:07 2021
 ComparingUpdateTracker: 839.438 kpixels in / 15.351 kpixels out
 ComparingUpdateTracker: (1:54.683 ratio)

Sun Jan 24 00:04:16 2021
 VNCSConnST:  closing [::1]::57848: Clean disconnection
 EncodeManager: Framebuffer updates: 2170
 EncodeManager:   CopyRect:
 EncodeManager:     Copies: 1 rects, 461.448 kpixels
 EncodeManager:             16 B (1:115363 ratio)
 EncodeManager:   Tight:
 EncodeManager:     Solid: 2.481 krects, 30.6128 Mpixels
 EncodeManager:            38.7656 KiB (1:3085.48 ratio)
 EncodeManager:     Bitmap RLE: 1.16 krects, 690.603 kpixels
 EncodeManager:                 35.4053 KiB (1:76.5779 ratio)
 EncodeManager:     Indexed RLE: 10.514 krects, 16.5223 Mpixels
 EncodeManager:                  3.23158 MiB (1:19.5409 ratio)
 EncodeManager:   Tight (JPEG):
 EncodeManager:     Full Colour: 1.072 krects, 9.0155 Mpixels
 EncodeManager:                  5.57582 MiB (1:6.17015 ratio)
 EncodeManager:   Total: 15.228 krects, 57.3027 Mpixels
 EncodeManager:          8.87986 MiB (1:24.6363 ratio)
 TcpSocket:   unable to get peer name for socket
 Connections: closed: ::0
 ComparingUpdateTracker: 92.1827 Mpixels in / 15.0428 Mpixels out
 ComparingUpdateTracker: (1:6.12802 ratio)

Sun Jan 24 00:08:39 2021
 Connections: accepted: [::1]::58752
 SConnection: Client needs protocol version 3.8
 SConnection: Client requests security type None(1)
 VNCSConnST:  Server default pixel format depth 16 (16bpp) little-endian rgb565
 VNCSConnST:  Client pixel format depth 24 (32bpp) little-endian rgb888
 ComparingUpdateTracker: 1.01357 Mpixels in / 1.01357 Mpixels out
 ComparingUpdateTracker: (1:1 ratio)

Sun Jan 24 00:08:50 2021
 ComparingUpdateTracker: 1.21458 Mpixels in / 653.244 kpixels out
 ComparingUpdateTracker: (1:1.8593 ratio)

Sun Jan 24 00:16:50 2021
 ComparingUpdateTracker: 151.735 Mpixels in / 45.1724 Mpixels out
 ComparingUpdateTracker: (1:3.35902 ratio)

Sun Jan 24 00:17:09 2021
 ComparingUpdateTracker: 2.74485 Mpixels in / 982.58 kpixels out
 ComparingUpdateTracker: (1:2.79352 ratio)

Sun Jan 24 00:20:07 2021
 ComparingUpdateTracker: 49.7694 Mpixels in / 6.0895 Mpixels out
 ComparingUpdateTracker: (1:8.17299 ratio)

Sun Jan 24 00:20:26 2021
 ComparingUpdateTracker: 2.65582 Mpixels in / 983.604 kpixels out
 ComparingUpdateTracker: (1:2.7001 ratio)

Sun Jan 24 00:23:10 2021
 ComparingUpdateTracker: 43.0821 Mpixels in / 3.59083 Mpixels out
 ComparingUpdateTracker: (1:11.9978 ratio)

Sun Jan 24 00:23:14 2021
 ComparingUpdateTracker: 1.35149 Mpixels in / 977.636 kpixels out
 ComparingUpdateTracker: (1:1.3824 ratio)

Sun Jan 24 00:27:28 2021
 VNCSConnST:  closing [::1]::58752: Clean disconnection
 EncodeManager: Framebuffer updates: 2699
 EncodeManager:   CopyRect:
 EncodeManager:     Copies: 11 rects, 2.16562 Mpixels
 EncodeManager:             176 B (1:49219.3 ratio)
 EncodeManager:   Tight:
 EncodeManager:     Solid: 4.008 krects, 41.0856 Mpixels
 EncodeManager:            62.625 KiB (1:2563.47 ratio)
 EncodeManager:     Bitmap RLE: 1.629 krects, 885.337 kpixels
 EncodeManager:                 49.9121 KiB (1:69.6712 ratio)
 EncodeManager:     Indexed RLE: 13.824 krects, 22.5224 Mpixels
 EncodeManager:                  3.95851 MiB (1:21.7441 ratio)
 EncodeManager:   Tight (JPEG):
 EncodeManager:     Full Colour: 1.815 krects, 17.5135 Mpixels
 EncodeManager:                  10.7296 MiB (1:6.22851 ratio)
 EncodeManager:   Total: 21.287 krects, 84.1724 Mpixels
 EncodeManager:          14.7982 MiB (1:21.7145 ratio)
 TcpSocket:   unable to get peer name for socket
 Connections: closed: ::0
 ComparingUpdateTracker: 70.8112 Mpixels in / 9.06449 Mpixels out
 ComparingUpdateTracker: (1:7.81193 ratio)

Sun Jan 24 11:38:22 2021
 ComparingUpdateTracker: 0 pixels in / 0 pixels out
 ComparingUpdateTracker: (1:-nan ratio)
